[2024-10-30 02:26:36] local.ERROR: could not find driver (Connection: pgsql, SQL: create table "migrations" ("id" serial not null primary key, "migration" varchar(255) not null, "batch" integer not null)) {"exception":"[object] (Illuminate\\Database\\QueryException(code: 0): could not find driver (Connection: pgsql, SQL: create table \"migrations\" (\"id\" serial not null primary key, \"migration\" varchar(255) not null, \"batch\" integer not null)) at /home/tobecomeawind/Devs/laravel_train/vendor/laravel/framework/src/Illuminate/Database/Connection.php:825)
[stacktrace]
#0 /home/tobecomeawind/Devs/laravel_train/vendor/laravel/framework/src/Illuminate/Database/Connection.php(779): Illuminate\\Database\\Connection->runQueryCallback()
#1 /home/tobecomeawind/Devs/laravel_train/vendor/laravel/framework/src/Illuminate/Database/Connection.php(560): Illuminate\\Database\\Connection->run()
#2 /home/tobecomeawind/Devs/laravel_train/vendor/laravel/framework/src/Illuminate/Database/Schema/Blueprint.php(117): Illuminate\\Database\\Connection->statement()
#3 /home/tobecomeawind/Devs/laravel_train/vendor/laravel/framework/src/Illuminate/Database/Schema/Builder.php(564): Illuminate\\Database\\Schema\\Blueprint->build()
#4 /home/tobecomeawind/Devs/laravel_train/vendor/laravel/framework/src/Illuminate/Database/Schema/Builder.php(418): Illuminate\\Database\\Schema\\Builder->build()
#5 /home/tobecomeawind/Devs/laravel_train/vendor/laravel/framework/src/Illuminate/Database/Migrations/DatabaseMigrationRepository.php(165): Illuminate\\Database\\Schema\\Builder->create()
#6 /home/tobecomeawind/Devs/laravel_train/vendor/laravel/framework/src/Illuminate/Database/Console/Migrations/InstallCommand.php(56): Illuminate\\Database\\Migrations\\DatabaseMigrationRepository->createRepository()
#7 /home/tobecomeawind/Devs/laravel_train/vendor/laravel/framework/src/Illuminate/Container/BoundMethod.php(36): Illuminate\\Database\\Console\\Migrations\\InstallCommand->handle()
#8 /home/tobecomeawind/Devs/laravel_train/vendor/laravel/framework/src/Illuminate/Container/Util.php(43): Illuminate\\Container\\BoundMethod::Illuminate\\Container\\{closure}()
#9 /home/tobecomeawind/Devs/laravel_train/vendor/laravel/framework/src/Illuminate/Container/BoundMethod.php(95): Illuminate\\Container\\Util::unwrapIfClosure()
#10 /home/tobecomeawind/Devs/laravel_train/vendor/laravel/framework/src/Illuminate/Container/BoundMethod.php(35): Illuminate\\Container\\BoundMethod::callBoundMethod()
#11 /home/tobecomeawind/Devs/laravel_train/vendor/laravel/framework/src/Illuminate/Container/Container.php(690): Illuminate\\Container\\BoundMethod::call()
#12 /home/tobecomeawind/Devs/laravel_train/vendor/laravel/framework/src/Illuminate/Console/Command.php(213): Illuminate\\Container\\Container->call()
#13 /home/tobecomeawind/Devs/laravel_train/vendor/symfony/console/Command/Command.php(279): Illuminate\\Console\\Command->execute()
#14 /home/tobecomeawind/Devs/laravel_train/vendor/laravel/framework/src/Illuminate/Console/Command.php(182): Symfony\\Component\\Console\\Command\\Command->run()
#15 /home/tobecomeawind/Devs/laravel_train/vendor/symfony/console/Application.php(1047): Illuminate\\Console\\Command->run()
#16 /home/tobecomeawind/Devs/laravel_train/vendor/symfony/console/Application.php(316): Symfony\\Component\\Console\\Application->doRunCommand()
#17 /home/tobecomeawind/Devs/laravel_train/vendor/symfony/console/Application.php(167): Symfony\\Component\\Console\\Application->doRun()
#18 /home/tobecomeawind/Devs/laravel_train/vendor/laravel/framework/src/Illuminate/Foundation/Console/Kernel.php(197): Symfony\\Component\\Console\\Application->run()
#19 /home/tobecomeawind/Devs/laravel_train/vendor/laravel/framework/src/Illuminate/Foundation/Application.php(1203): Illuminate\\Foundation\\Console\\Kernel->handle()
#20 /home/tobecomeawind/Devs/laravel_train/artisan(13): Illuminate\\Foundation\\Application->handleCommand()
#21 {main}

[previous exception] [object] (PDOException(code: 0): could not find driver at /home/tobecomeawind/Devs/laravel_train/vendor/laravel/framework/src/Illuminate/Database/Connectors/Connector.php:66)
[stacktrace]
#0 /home/tobecomeawind/Devs/laravel_train/vendor/laravel/framework/src/Illuminate/Database/Connectors/Connector.php(66): PDO->__construct()
#1 /home/tobecomeawind/Devs/laravel_train/vendor/laravel/framework/src/Illuminate/Database/Connectors/Connector.php(44): Illuminate\\Database\\Connectors\\Connector->createPdoConnection()
#2 /home/tobecomeawind/Devs/laravel_train/vendor/laravel/framework/src/Illuminate/Database/Connectors/PostgresConnector.php(35): Illuminate\\Database\\Connectors\\Connector->createConnection()
#3 /home/tobecomeawind/Devs/laravel_train/vendor/laravel/framework/src/Illuminate/Database/Connectors/ConnectionFactory.php(185): Illuminate\\Database\\Connectors\\PostgresConnector->connect()
#4 [internal function]: Illuminate\\Database\\Connectors\\ConnectionFactory->Illuminate\\Database\\Connectors\\{closure}()
#5 /home/tobecomeawind/Devs/laravel_train/vendor/laravel/framework/src/Illuminate/Database/Connection.php(1231): call_user_func()
#6 /home/tobecomeawind/Devs/laravel_train/vendor/laravel/framework/src/Illuminate/Database/Connection.php(565): Illuminate\\Database\\Connection->getPdo()
#7 /home/tobecomeawind/Devs/laravel_train/vendor/laravel/framework/src/Illuminate/Database/Connection.php(812): Illuminate\\Database\\Connection->Illuminate\\Database\\{closure}()
#8 /home/tobecomeawind/Devs/laravel_train/vendor/laravel/framework/src/Illuminate/Database/Connection.php(779): Illuminate\\Database\\Connection->runQueryCallback()
#9 /home/tobecomeawind/Devs/laravel_train/vendor/laravel/framework/src/Illuminate/Database/Connection.php(560): Illuminate\\Database\\Connection->run()
#10 /home/tobecomeawind/Devs/laravel_train/vendor/laravel/framework/src/Illuminate/Database/Schema/Blueprint.php(117): Illuminate\\Database\\Connection->statement()
#11 /home/tobecomeawind/Devs/laravel_train/vendor/laravel/framework/src/Illuminate/Database/Schema/Builder.php(564): Illuminate\\Database\\Schema\\Blueprint->build()
#12 /home/tobecomeawind/Devs/laravel_train/vendor/laravel/framework/src/Illuminate/Database/Schema/Builder.php(418): Illuminate\\Database\\Schema\\Builder->build()
#13 /home/tobecomeawind/Devs/laravel_train/vendor/laravel/framework/src/Illuminate/Database/Migrations/DatabaseMigrationRepository.php(165): Illuminate\\Database\\Schema\\Builder->create()
#14 /home/tobecomeawind/Devs/laravel_train/vendor/laravel/framework/src/Illuminate/Database/Console/Migrations/InstallCommand.php(56): Illuminate\\Database\\Migrations\\DatabaseMigrationRepository->createRepository()
#15 /home/tobecomeawind/Devs/laravel_train/vendor/laravel/framework/src/Illuminate/Container/BoundMethod.php(36): Illuminate\\Database\\Console\\Migrations\\InstallCommand->handle()
#16 /home/tobecomeawind/Devs/laravel_train/vendor/laravel/framework/src/Illuminate/Container/Util.php(43): Illuminate\\Container\\BoundMethod::Illuminate\\Container\\{closure}()
#17 /home/tobecomeawind/Devs/laravel_train/vendor/laravel/framework/src/Illuminate/Container/BoundMethod.php(95): Illuminate\\Container\\Util::unwrapIfClosure()
#18 /home/tobecomeawind/Devs/laravel_train/vendor/laravel/framework/src/Illuminate/Container/BoundMethod.php(35): Illuminate\\Container\\BoundMethod::callBoundMethod()
#19 /home/tobecomeawind/Devs/laravel_train/vendor/laravel/framework/src/Illuminate/Container/Container.php(690): Illuminate\\Container\\BoundMethod::call()
#20 /home/tobecomeawind/Devs/laravel_train/vendor/laravel/framework/src/Illuminate/Console/Command.php(213): Illuminate\\Container\\Container->call()
#21 /home/tobecomeawind/Devs/laravel_train/vendor/symfony/console/Command/Command.php(279): Illuminate\\Console\\Command->execute()
#22 /home/tobecomeawind/Devs/laravel_train/vendor/laravel/framework/src/Illuminate/Console/Command.php(182): Symfony\\Component\\Console\\Command\\Command->run()
#23 /home/tobecomeawind/Devs/laravel_train/vendor/symfony/console/Application.php(1047): Illuminate\\Console\\Command->run()
#24 /home/tobecomeawind/Devs/laravel_train/vendor/symfony/console/Application.php(316): Symfony\\Component\\Console\\Application->doRunCommand()
#25 /home/tobecomeawind/Devs/laravel_train/vendor/symfony/console/Application.php(167): Symfony\\Component\\Console\\Application->doRun()
#26 /home/tobecomeawind/Devs/laravel_train/vendor/laravel/framework/src/Illuminate/Foundation/Console/Kernel.php(197): Symfony\\Component\\Console\\Application->run()
#27 /home/tobecomeawind/Devs/laravel_train/vendor/laravel/framework/src/Illuminate/Foundation/Application.php(1203): Illuminate\\Foundation\\Console\\Kernel->handle()
#28 /home/tobecomeawind/Devs/laravel_train/artisan(13): Illuminate\\Foundation\\Application->handleCommand()
#29 {main}
"} 
[2024-10-30 02:28:34] local.ERROR: could not find driver (Connection: pgsql, SQL: create table "migrations" ("id" serial not null primary key, "migration" varchar(255) not null, "batch" integer not null)) {"exception":"[object] (Illuminate\\Database\\QueryException(code: 0): could not find driver (Connection: pgsql, SQL: create table \"migrations\" (\"id\" serial not null primary key, \"migration\" varchar(255) not null, \"batch\" integer not null)) at /home/tobecomeawind/Devs/laravel_train/vendor/laravel/framework/src/Illuminate/Database/Connection.php:825)
[stacktrace]
#0 /home/tobecomeawind/Devs/laravel_train/vendor/laravel/framework/src/Illuminate/Database/Connection.php(779): Illuminate\\Database\\Connection->runQueryCallback()
#1 /home/tobecomeawind/Devs/laravel_train/vendor/laravel/framework/src/Illuminate/Database/Connection.php(560): Illuminate\\Database\\Connection->run()
#2 /home/tobecomeawind/Devs/laravel_train/vendor/laravel/framework/src/Illuminate/Database/Schema/Blueprint.php(117): Illuminate\\Database\\Connection->statement()
#3 /home/tobecomeawind/Devs/laravel_train/vendor/laravel/framework/src/Illuminate/Database/Schema/Builder.php(564): Illuminate\\Database\\Schema\\Blueprint->build()
#4 /home/tobecomeawind/Devs/laravel_train/vendor/laravel/framework/src/Illuminate/Database/Schema/Builder.php(418): Illuminate\\Database\\Schema\\Builder->build()
#5 /home/tobecomeawind/Devs/laravel_train/vendor/laravel/framework/src/Illuminate/Database/Migrations/DatabaseMigrationRepository.php(165): Illuminate\\Database\\Schema\\Builder->create()
#6 /home/tobecomeawind/Devs/laravel_train/vendor/laravel/framework/src/Illuminate/Database/Console/Migrations/InstallCommand.php(56): Illuminate\\Database\\Migrations\\DatabaseMigrationRepository->createRepository()
#7 /home/tobecomeawind/Devs/laravel_train/vendor/laravel/framework/src/Illuminate/Container/BoundMethod.php(36): Illuminate\\Database\\Console\\Migrations\\InstallCommand->handle()
#8 /home/tobecomeawind/Devs/laravel_train/vendor/laravel/framework/src/Illuminate/Container/Util.php(43): Illuminate\\Container\\BoundMethod::Illuminate\\Container\\{closure}()
#9 /home/tobecomeawind/Devs/laravel_train/vendor/laravel/framework/src/Illuminate/Container/BoundMethod.php(95): Illuminate\\Container\\Util::unwrapIfClosure()
#10 /home/tobecomeawind/Devs/laravel_train/vendor/laravel/framework/src/Illuminate/Container/BoundMethod.php(35): Illuminate\\Container\\BoundMethod::callBoundMethod()
#11 /home/tobecomeawind/Devs/laravel_train/vendor/laravel/framework/src/Illuminate/Container/Container.php(690): Illuminate\\Container\\BoundMethod::call()
#12 /home/tobecomeawind/Devs/laravel_train/vendor/laravel/framework/src/Illuminate/Console/Command.php(213): Illuminate\\Container\\Container->call()
#13 /home/tobecomeawind/Devs/laravel_train/vendor/symfony/console/Command/Command.php(279): Illuminate\\Console\\Command->execute()
#14 /home/tobecomeawind/Devs/laravel_train/vendor/laravel/framework/src/Illuminate/Console/Command.php(182): Symfony\\Component\\Console\\Command\\Command->run()
#15 /home/tobecomeawind/Devs/laravel_train/vendor/symfony/console/Application.php(1047): Illuminate\\Console\\Command->run()
#16 /home/tobecomeawind/Devs/laravel_train/vendor/symfony/console/Application.php(316): Symfony\\Component\\Console\\Application->doRunCommand()
#17 /home/tobecomeawind/Devs/laravel_train/vendor/symfony/console/Application.php(167): Symfony\\Component\\Console\\Application->doRun()
#18 /home/tobecomeawind/Devs/laravel_train/vendor/laravel/framework/src/Illuminate/Foundation/Console/Kernel.php(197): Symfony\\Component\\Console\\Application->run()
#19 /home/tobecomeawind/Devs/laravel_train/vendor/laravel/framework/src/Illuminate/Foundation/Application.php(1203): Illuminate\\Foundation\\Console\\Kernel->handle()
#20 /home/tobecomeawind/Devs/laravel_train/artisan(13): Illuminate\\Foundation\\Application->handleCommand()
#21 {main}

[previous exception] [object] (PDOException(code: 0): could not find driver at /home/tobecomeawind/Devs/laravel_train/vendor/laravel/framework/src/Illuminate/Database/Connectors/Connector.php:66)
[stacktrace]
#0 /home/tobecomeawind/Devs/laravel_train/vendor/laravel/framework/src/Illuminate/Database/Connectors/Connector.php(66): PDO->__construct()
#1 /home/tobecomeawind/Devs/laravel_train/vendor/laravel/framework/src/Illuminate/Database/Connectors/Connector.php(44): Illuminate\\Database\\Connectors\\Connector->createPdoConnection()
#2 /home/tobecomeawind/Devs/laravel_train/vendor/laravel/framework/src/Illuminate/Database/Connectors/PostgresConnector.php(35): Illuminate\\Database\\Connectors\\Connector->createConnection()
#3 /home/tobecomeawind/Devs/laravel_train/vendor/laravel/framework/src/Illuminate/Database/Connectors/ConnectionFactory.php(185): Illuminate\\Database\\Connectors\\PostgresConnector->connect()
#4 [internal function]: Illuminate\\Database\\Connectors\\ConnectionFactory->Illuminate\\Database\\Connectors\\{closure}()
#5 /home/tobecomeawind/Devs/laravel_train/vendor/laravel/framework/src/Illuminate/Database/Connection.php(1231): call_user_func()
#6 /home/tobecomeawind/Devs/laravel_train/vendor/laravel/framework/src/Illuminate/Database/Connection.php(565): Illuminate\\Database\\Connection->getPdo()
#7 /home/tobecomeawind/Devs/laravel_train/vendor/laravel/framework/src/Illuminate/Database/Connection.php(812): Illuminate\\Database\\Connection->Illuminate\\Database\\{closure}()
#8 /home/tobecomeawind/Devs/laravel_train/vendor/laravel/framework/src/Illuminate/Database/Connection.php(779): Illuminate\\Database\\Connection->runQueryCallback()
#9 /home/tobecomeawind/Devs/laravel_train/vendor/laravel/framework/src/Illuminate/Database/Connection.php(560): Illuminate\\Database\\Connection->run()
#10 /home/tobecomeawind/Devs/laravel_train/vendor/laravel/framework/src/Illuminate/Database/Schema/Blueprint.php(117): Illuminate\\Database\\Connection->statement()
#11 /home/tobecomeawind/Devs/laravel_train/vendor/laravel/framework/src/Illuminate/Database/Schema/Builder.php(564): Illuminate\\Database\\Schema\\Blueprint->build()
#12 /home/tobecomeawind/Devs/laravel_train/vendor/laravel/framework/src/Illuminate/Database/Schema/Builder.php(418): Illuminate\\Database\\Schema\\Builder->build()
#13 /home/tobecomeawind/Devs/laravel_train/vendor/laravel/framework/src/Illuminate/Database/Migrations/DatabaseMigrationRepository.php(165): Illuminate\\Database\\Schema\\Builder->create()
#14 /home/tobecomeawind/Devs/laravel_train/vendor/laravel/framework/src/Illuminate/Database/Console/Migrations/InstallCommand.php(56): Illuminate\\Database\\Migrations\\DatabaseMigrationRepository->createRepository()
#15 /home/tobecomeawind/Devs/laravel_train/vendor/laravel/framework/src/Illuminate/Container/BoundMethod.php(36): Illuminate\\Database\\Console\\Migrations\\InstallCommand->handle()
#16 /home/tobecomeawind/Devs/laravel_train/vendor/laravel/framework/src/Illuminate/Container/Util.php(43): Illuminate\\Container\\BoundMethod::Illuminate\\Container\\{closure}()
#17 /home/tobecomeawind/Devs/laravel_train/vendor/laravel/framework/src/Illuminate/Container/BoundMethod.php(95): Illuminate\\Container\\Util::unwrapIfClosure()
#18 /home/tobecomeawind/Devs/laravel_train/vendor/laravel/framework/src/Illuminate/Container/BoundMethod.php(35): Illuminate\\Container\\BoundMethod::callBoundMethod()
#19 /home/tobecomeawind/Devs/laravel_train/vendor/laravel/framework/src/Illuminate/Container/Container.php(690): Illuminate\\Container\\BoundMethod::call()
#20 /home/tobecomeawind/Devs/laravel_train/vendor/laravel/framework/src/Illuminate/Console/Command.php(213): Illuminate\\Container\\Container->call()
#21 /home/tobecomeawind/Devs/laravel_train/vendor/symfony/console/Command/Command.php(279): Illuminate\\Console\\Command->execute()
#22 /home/tobecomeawind/Devs/laravel_train/vendor/laravel/framework/src/Illuminate/Console/Command.php(182): Symfony\\Component\\Console\\Command\\Command->run()
#23 /home/tobecomeawind/Devs/laravel_train/vendor/symfony/console/Application.php(1047): Illuminate\\Console\\Command->run()
#24 /home/tobecomeawind/Devs/laravel_train/vendor/symfony/console/Application.php(316): Symfony\\Component\\Console\\Application->doRunCommand()
#25 /home/tobecomeawind/Devs/laravel_train/vendor/symfony/console/Application.php(167): Symfony\\Component\\Console\\Application->doRun()
#26 /home/tobecomeawind/Devs/laravel_train/vendor/laravel/framework/src/Illuminate/Foundation/Console/Kernel.php(197): Symfony\\Component\\Console\\Application->run()
#27 /home/tobecomeawind/Devs/laravel_train/vendor/laravel/framework/src/Illuminate/Foundation/Application.php(1203): Illuminate\\Foundation\\Console\\Kernel->handle()
#28 /home/tobecomeawind/Devs/laravel_train/artisan(13): Illuminate\\Foundation\\Application->handleCommand()
#29 {main}
"} 
[2024-10-30 02:29:33] local.ERROR: could not find driver (Connection: pgsql, SQL: create table "migrations" ("id" serial not null primary key, "migration" varchar(255) not null, "batch" integer not null)) {"exception":"[object] (Illuminate\\Database\\QueryException(code: 0): could not find driver (Connection: pgsql, SQL: create table \"migrations\" (\"id\" serial not null primary key, \"migration\" varchar(255) not null, \"batch\" integer not null)) at /home/tobecomeawind/Devs/laravel_train/vendor/laravel/framework/src/Illuminate/Database/Connection.php:825)
[stacktrace]
#0 /home/tobecomeawind/Devs/laravel_train/vendor/laravel/framework/src/Illuminate/Database/Connection.php(779): Illuminate\\Database\\Connection->runQueryCallback()
#1 /home/tobecomeawind/Devs/laravel_train/vendor/laravel/framework/src/Illuminate/Database/Connection.php(560): Illuminate\\Database\\Connection->run()
#2 /home/tobecomeawind/Devs/laravel_train/vendor/laravel/framework/src/Illuminate/Database/Schema/Blueprint.php(117): Illuminate\\Database\\Connection->statement()
#3 /home/tobecomeawind/Devs/laravel_train/vendor/laravel/framework/src/Illuminate/Database/Schema/Builder.php(564): Illuminate\\Database\\Schema\\Blueprint->build()
#4 /home/tobecomeawind/Devs/laravel_train/vendor/laravel/framework/src/Illuminate/Database/Schema/Builder.php(418): Illuminate\\Database\\Schema\\Builder->build()
#5 /home/tobecomeawind/Devs/laravel_train/vendor/laravel/framework/src/Illuminate/Database/Migrations/DatabaseMigrationRepository.php(165): Illuminate\\Database\\Schema\\Builder->create()
#6 /home/tobecomeawind/Devs/laravel_train/vendor/laravel/framework/src/Illuminate/Database/Console/Migrations/InstallCommand.php(56): Illuminate\\Database\\Migrations\\DatabaseMigrationRepository->createRepository()
#7 /home/tobecomeawind/Devs/laravel_train/vendor/laravel/framework/src/Illuminate/Container/BoundMethod.php(36): Illuminate\\Database\\Console\\Migrations\\InstallCommand->handle()
#8 /home/tobecomeawind/Devs/laravel_train/vendor/laravel/framework/src/Illuminate/Container/Util.php(43): Illuminate\\Container\\BoundMethod::Illuminate\\Container\\{closure}()
#9 /home/tobecomeawind/Devs/laravel_train/vendor/laravel/framework/src/Illuminate/Container/BoundMethod.php(95): Illuminate\\Container\\Util::unwrapIfClosure()
#10 /home/tobecomeawind/Devs/laravel_train/vendor/laravel/framework/src/Illuminate/Container/BoundMethod.php(35): Illuminate\\Container\\BoundMethod::callBoundMethod()
#11 /home/tobecomeawind/Devs/laravel_train/vendor/laravel/framework/src/Illuminate/Container/Container.php(690): Illuminate\\Container\\BoundMethod::call()
#12 /home/tobecomeawind/Devs/laravel_train/vendor/laravel/framework/src/Illuminate/Console/Command.php(213): Illuminate\\Container\\Container->call()
#13 /home/tobecomeawind/Devs/laravel_train/vendor/symfony/console/Command/Command.php(279): Illuminate\\Console\\Command->execute()
#14 /home/tobecomeawind/Devs/laravel_train/vendor/laravel/framework/src/Illuminate/Console/Command.php(182): Symfony\\Component\\Console\\Command\\Command->run()
#15 /home/tobecomeawind/Devs/laravel_train/vendor/symfony/console/Application.php(1047): Illuminate\\Console\\Command->run()
#16 /home/tobecomeawind/Devs/laravel_train/vendor/symfony/console/Application.php(316): Symfony\\Component\\Console\\Application->doRunCommand()
#17 /home/tobecomeawind/Devs/laravel_train/vendor/symfony/console/Application.php(167): Symfony\\Component\\Console\\Application->doRun()
#18 /home/tobecomeawind/Devs/laravel_train/vendor/laravel/framework/src/Illuminate/Foundation/Console/Kernel.php(197): Symfony\\Component\\Console\\Application->run()
#19 /home/tobecomeawind/Devs/laravel_train/vendor/laravel/framework/src/Illuminate/Foundation/Application.php(1203): Illuminate\\Foundation\\Console\\Kernel->handle()
#20 /home/tobecomeawind/Devs/laravel_train/artisan(13): Illuminate\\Foundation\\Application->handleCommand()
#21 {main}

[previous exception] [object] (PDOException(code: 0): could not find driver at /home/tobecomeawind/Devs/laravel_train/vendor/laravel/framework/src/Illuminate/Database/Connectors/Connector.php:66)
[stacktrace]
#0 /home/tobecomeawind/Devs/laravel_train/vendor/laravel/framework/src/Illuminate/Database/Connectors/Connector.php(66): PDO->__construct()
#1 /home/tobecomeawind/Devs/laravel_train/vendor/laravel/framework/src/Illuminate/Database/Connectors/Connector.php(44): Illuminate\\Database\\Connectors\\Connector->createPdoConnection()
#2 /home/tobecomeawind/Devs/laravel_train/vendor/laravel/framework/src/Illuminate/Database/Connectors/PostgresConnector.php(35): Illuminate\\Database\\Connectors\\Connector->createConnection()
#3 /home/tobecomeawind/Devs/laravel_train/vendor/laravel/framework/src/Illuminate/Database/Connectors/ConnectionFactory.php(185): Illuminate\\Database\\Connectors\\PostgresConnector->connect()
#4 [internal function]: Illuminate\\Database\\Connectors\\ConnectionFactory->Illuminate\\Database\\Connectors\\{closure}()
#5 /home/tobecomeawind/Devs/laravel_train/vendor/laravel/framework/src/Illuminate/Database/Connection.php(1231): call_user_func()
#6 /home/tobecomeawind/Devs/laravel_train/vendor/laravel/framework/src/Illuminate/Database/Connection.php(565): Illuminate\\Database\\Connection->getPdo()
#7 /home/tobecomeawind/Devs/laravel_train/vendor/laravel/framework/src/Illuminate/Database/Connection.php(812): Illuminate\\Database\\Connection->Illuminate\\Database\\{closure}()
#8 /home/tobecomeawind/Devs/laravel_train/vendor/laravel/framework/src/Illuminate/Database/Connection.php(779): Illuminate\\Database\\Connection->runQueryCallback()
#9 /home/tobecomeawind/Devs/laravel_train/vendor/laravel/framework/src/Illuminate/Database/Connection.php(560): Illuminate\\Database\\Connection->run()
#10 /home/tobecomeawind/Devs/laravel_train/vendor/laravel/framework/src/Illuminate/Database/Schema/Blueprint.php(117): Illuminate\\Database\\Connection->statement()
#11 /home/tobecomeawind/Devs/laravel_train/vendor/laravel/framework/src/Illuminate/Database/Schema/Builder.php(564): Illuminate\\Database\\Schema\\Blueprint->build()
#12 /home/tobecomeawind/Devs/laravel_train/vendor/laravel/framework/src/Illuminate/Database/Schema/Builder.php(418): Illuminate\\Database\\Schema\\Builder->build()
#13 /home/tobecomeawind/Devs/laravel_train/vendor/laravel/framework/src/Illuminate/Database/Migrations/DatabaseMigrationRepository.php(165): Illuminate\\Database\\Schema\\Builder->create()
#14 /home/tobecomeawind/Devs/laravel_train/vendor/laravel/framework/src/Illuminate/Database/Console/Migrations/InstallCommand.php(56): Illuminate\\Database\\Migrations\\DatabaseMigrationRepository->createRepository()
#15 /home/tobecomeawind/Devs/laravel_train/vendor/laravel/framework/src/Illuminate/Container/BoundMethod.php(36): Illuminate\\Database\\Console\\Migrations\\InstallCommand->handle()
#16 /home/tobecomeawind/Devs/laravel_train/vendor/laravel/framework/src/Illuminate/Container/Util.php(43): Illuminate\\Container\\BoundMethod::Illuminate\\Container\\{closure}()
#17 /home/tobecomeawind/Devs/laravel_train/vendor/laravel/framework/src/Illuminate/Container/BoundMethod.php(95): Illuminate\\Container\\Util::unwrapIfClosure()
#18 /home/tobecomeawind/Devs/laravel_train/vendor/laravel/framework/src/Illuminate/Container/BoundMethod.php(35): Illuminate\\Container\\BoundMethod::callBoundMethod()
#19 /home/tobecomeawind/Devs/laravel_train/vendor/laravel/framework/src/Illuminate/Container/Container.php(690): Illuminate\\Container\\BoundMethod::call()
#20 /home/tobecomeawind/Devs/laravel_train/vendor/laravel/framework/src/Illuminate/Console/Command.php(213): Illuminate\\Container\\Container->call()
#21 /home/tobecomeawind/Devs/laravel_train/vendor/symfony/console/Command/Command.php(279): Illuminate\\Console\\Command->execute()
#22 /home/tobecomeawind/Devs/laravel_train/vendor/laravel/framework/src/Illuminate/Console/Command.php(182): Symfony\\Component\\Console\\Command\\Command->run()
#23 /home/tobecomeawind/Devs/laravel_train/vendor/symfony/console/Application.php(1047): Illuminate\\Console\\Command->run()
#24 /home/tobecomeawind/Devs/laravel_train/vendor/symfony/console/Application.php(316): Symfony\\Component\\Console\\Application->doRunCommand()
#25 /home/tobecomeawind/Devs/laravel_train/vendor/symfony/console/Application.php(167): Symfony\\Component\\Console\\Application->doRun()
#26 /home/tobecomeawind/Devs/laravel_train/vendor/laravel/framework/src/Illuminate/Foundation/Console/Kernel.php(197): Symfony\\Component\\Console\\Application->run()
#27 /home/tobecomeawind/Devs/laravel_train/vendor/laravel/framework/src/Illuminate/Foundation/Application.php(1203): Illuminate\\Foundation\\Console\\Kernel->handle()
#28 /home/tobecomeawind/Devs/laravel_train/artisan(13): Illuminate\\Foundation\\Application->handleCommand()
#29 {main}
"} 
[2024-10-30 02:32:36] local.ERROR: SQLSTATE[08006] [7] connection to server at "127.0.0.1", port 5432 failed: FATAL:  password authentication failed for user "postgres"
connection to server at "127.0.0.1", port 5432 failed: FATAL:  password authentication failed for user "postgres" (Connection: pgsql, SQL: create table "migrations" ("id" serial not null primary key, "migration" varchar(255) not null, "batch" integer not null)) {"exception":"[object] (Illuminate\\Database\\QueryException(code: 7): SQLSTATE[08006] [7] connection to server at \"127.0.0.1\", port 5432 failed: FATAL:  password authentication failed for user \"postgres\"
connection to server at \"127.0.0.1\", port 5432 failed: FATAL:  password authentication failed for user \"postgres\" (Connection: pgsql, SQL: create table \"migrations\" (\"id\" serial not null primary key, \"migration\" varchar(255) not null, \"batch\" integer not null)) at /home/tobecomeawind/Devs/laravel_train/vendor/laravel/framework/src/Illuminate/Database/Connection.php:825)
[stacktrace]
#0 /home/tobecomeawind/Devs/laravel_train/vendor/laravel/framework/src/Illuminate/Database/Connection.php(779): Illuminate\\Database\\Connection->runQueryCallback()
#1 /home/tobecomeawind/Devs/laravel_train/vendor/laravel/framework/src/Illuminate/Database/Connection.php(560): Illuminate\\Database\\Connection->run()
#2 /home/tobecomeawind/Devs/laravel_train/vendor/laravel/framework/src/Illuminate/Database/Schema/Blueprint.php(117): Illuminate\\Database\\Connection->statement()
#3 /home/tobecomeawind/Devs/laravel_train/vendor/laravel/framework/src/Illuminate/Database/Schema/Builder.php(564): Illuminate\\Database\\Schema\\Blueprint->build()
#4 /home/tobecomeawind/Devs/laravel_train/vendor/laravel/framework/src/Illuminate/Database/Schema/Builder.php(418): Illuminate\\Database\\Schema\\Builder->build()
#5 /home/tobecomeawind/Devs/laravel_train/vendor/laravel/framework/src/Illuminate/Database/Migrations/DatabaseMigrationRepository.php(165): Illuminate\\Database\\Schema\\Builder->create()
#6 /home/tobecomeawind/Devs/laravel_train/vendor/laravel/framework/src/Illuminate/Database/Console/Migrations/InstallCommand.php(56): Illuminate\\Database\\Migrations\\DatabaseMigrationRepository->createRepository()
#7 /home/tobecomeawind/Devs/laravel_train/vendor/laravel/framework/src/Illuminate/Container/BoundMethod.php(36): Illuminate\\Database\\Console\\Migrations\\InstallCommand->handle()
#8 /home/tobecomeawind/Devs/laravel_train/vendor/laravel/framework/src/Illuminate/Container/Util.php(43): Illuminate\\Container\\BoundMethod::Illuminate\\Container\\{closure}()
#9 /home/tobecomeawind/Devs/laravel_train/vendor/laravel/framework/src/Illuminate/Container/BoundMethod.php(95): Illuminate\\Container\\Util::unwrapIfClosure()
#10 /home/tobecomeawind/Devs/laravel_train/vendor/laravel/framework/src/Illuminate/Container/BoundMethod.php(35): Illuminate\\Container\\BoundMethod::callBoundMethod()
#11 /home/tobecomeawind/Devs/laravel_train/vendor/laravel/framework/src/Illuminate/Container/Container.php(690): Illuminate\\Container\\BoundMethod::call()
#12 /home/tobecomeawind/Devs/laravel_train/vendor/laravel/framework/src/Illuminate/Console/Command.php(213): Illuminate\\Container\\Container->call()
#13 /home/tobecomeawind/Devs/laravel_train/vendor/symfony/console/Command/Command.php(279): Illuminate\\Console\\Command->execute()
#14 /home/tobecomeawind/Devs/laravel_train/vendor/laravel/framework/src/Illuminate/Console/Command.php(182): Symfony\\Component\\Console\\Command\\Command->run()
#15 /home/tobecomeawind/Devs/laravel_train/vendor/symfony/console/Application.php(1047): Illuminate\\Console\\Command->run()
#16 /home/tobecomeawind/Devs/laravel_train/vendor/symfony/console/Application.php(316): Symfony\\Component\\Console\\Application->doRunCommand()
#17 /home/tobecomeawind/Devs/laravel_train/vendor/symfony/console/Application.php(167): Symfony\\Component\\Console\\Application->doRun()
#18 /home/tobecomeawind/Devs/laravel_train/vendor/laravel/framework/src/Illuminate/Foundation/Console/Kernel.php(197): Symfony\\Component\\Console\\Application->run()
#19 /home/tobecomeawind/Devs/laravel_train/vendor/laravel/framework/src/Illuminate/Foundation/Application.php(1203): Illuminate\\Foundation\\Console\\Kernel->handle()
#20 /home/tobecomeawind/Devs/laravel_train/artisan(13): Illuminate\\Foundation\\Application->handleCommand()
#21 {main}

[previous exception] [object] (PDOException(code: 7): SQLSTATE[08006] [7] connection to server at \"127.0.0.1\", port 5432 failed: FATAL:  password authentication failed for user \"postgres\"
connection to server at \"127.0.0.1\", port 5432 failed: FATAL:  password authentication failed for user \"postgres\" at /home/tobecomeawind/Devs/laravel_train/vendor/laravel/framework/src/Illuminate/Database/Connectors/Connector.php:66)
[stacktrace]
#0 /home/tobecomeawind/Devs/laravel_train/vendor/laravel/framework/src/Illuminate/Database/Connectors/Connector.php(66): PDO->__construct()
#1 /home/tobecomeawind/Devs/laravel_train/vendor/laravel/framework/src/Illuminate/Database/Connectors/Connector.php(44): Illuminate\\Database\\Connectors\\Connector->createPdoConnection()
#2 /home/tobecomeawind/Devs/laravel_train/vendor/laravel/framework/src/Illuminate/Database/Connectors/PostgresConnector.php(35): Illuminate\\Database\\Connectors\\Connector->createConnection()
#3 /home/tobecomeawind/Devs/laravel_train/vendor/laravel/framework/src/Illuminate/Database/Connectors/ConnectionFactory.php(185): Illuminate\\Database\\Connectors\\PostgresConnector->connect()
#4 [internal function]: Illuminate\\Database\\Connectors\\ConnectionFactory->Illuminate\\Database\\Connectors\\{closure}()
#5 /home/tobecomeawind/Devs/laravel_train/vendor/laravel/framework/src/Illuminate/Database/Connection.php(1231): call_user_func()
#6 /home/tobecomeawind/Devs/laravel_train/vendor/laravel/framework/src/Illuminate/Database/Connection.php(565): Illuminate\\Database\\Connection->getPdo()
#7 /home/tobecomeawind/Devs/laravel_train/vendor/laravel/framework/src/Illuminate/Database/Connection.php(812): Illuminate\\Database\\Connection->Illuminate\\Database\\{closure}()
#8 /home/tobecomeawind/Devs/laravel_train/vendor/laravel/framework/src/Illuminate/Database/Connection.php(779): Illuminate\\Database\\Connection->runQueryCallback()
#9 /home/tobecomeawind/Devs/laravel_train/vendor/laravel/framework/src/Illuminate/Database/Connection.php(560): Illuminate\\Database\\Connection->run()
#10 /home/tobecomeawind/Devs/laravel_train/vendor/laravel/framework/src/Illuminate/Database/Schema/Blueprint.php(117): Illuminate\\Database\\Connection->statement()
#11 /home/tobecomeawind/Devs/laravel_train/vendor/laravel/framework/src/Illuminate/Database/Schema/Builder.php(564): Illuminate\\Database\\Schema\\Blueprint->build()
#12 /home/tobecomeawind/Devs/laravel_train/vendor/laravel/framework/src/Illuminate/Database/Schema/Builder.php(418): Illuminate\\Database\\Schema\\Builder->build()
#13 /home/tobecomeawind/Devs/laravel_train/vendor/laravel/framework/src/Illuminate/Database/Migrations/DatabaseMigrationRepository.php(165): Illuminate\\Database\\Schema\\Builder->create()
#14 /home/tobecomeawind/Devs/laravel_train/vendor/laravel/framework/src/Illuminate/Database/Console/Migrations/InstallCommand.php(56): Illuminate\\Database\\Migrations\\DatabaseMigrationRepository->createRepository()
#15 /home/tobecomeawind/Devs/laravel_train/vendor/laravel/framework/src/Illuminate/Container/BoundMethod.php(36): Illuminate\\Database\\Console\\Migrations\\InstallCommand->handle()
#16 /home/tobecomeawind/Devs/laravel_train/vendor/laravel/framework/src/Illuminate/Container/Util.php(43): Illuminate\\Container\\BoundMethod::Illuminate\\Container\\{closure}()
#17 /home/tobecomeawind/Devs/laravel_train/vendor/laravel/framework/src/Illuminate/Container/BoundMethod.php(95): Illuminate\\Container\\Util::unwrapIfClosure()
#18 /home/tobecomeawind/Devs/laravel_train/vendor/laravel/framework/src/Illuminate/Container/BoundMethod.php(35): Illuminate\\Container\\BoundMethod::callBoundMethod()
#19 /home/tobecomeawind/Devs/laravel_train/vendor/laravel/framework/src/Illuminate/Container/Container.php(690): Illuminate\\Container\\BoundMethod::call()
#20 /home/tobecomeawind/Devs/laravel_train/vendor/laravel/framework/src/Illuminate/Console/Command.php(213): Illuminate\\Container\\Container->call()
#21 /home/tobecomeawind/Devs/laravel_train/vendor/symfony/console/Command/Command.php(279): Illuminate\\Console\\Command->execute()
#22 /home/tobecomeawind/Devs/laravel_train/vendor/laravel/framework/src/Illuminate/Console/Command.php(182): Symfony\\Component\\Console\\Command\\Command->run()
#23 /home/tobecomeawind/Devs/laravel_train/vendor/symfony/console/Application.php(1047): Illuminate\\Console\\Command->run()
#24 /home/tobecomeawind/Devs/laravel_train/vendor/symfony/console/Application.php(316): Symfony\\Component\\Console\\Application->doRunCommand()
#25 /home/tobecomeawind/Devs/laravel_train/vendor/symfony/console/Application.php(167): Symfony\\Component\\Console\\Application->doRun()
#26 /home/tobecomeawind/Devs/laravel_train/vendor/laravel/framework/src/Illuminate/Foundation/Console/Kernel.php(197): Symfony\\Component\\Console\\Application->run()
#27 /home/tobecomeawind/Devs/laravel_train/vendor/laravel/framework/src/Illuminate/Foundation/Application.php(1203): Illuminate\\Foundation\\Console\\Kernel->handle()
#28 /home/tobecomeawind/Devs/laravel_train/artisan(13): Illuminate\\Foundation\\Application->handleCommand()
#29 {main}
"} 
[2024-10-30 02:33:06] local.ERROR: SQLSTATE[08006] [7] connection to server at "127.0.0.1", port 5432 failed: FATAL:  password authentication failed for user "postgres"
connection to server at "127.0.0.1", port 5432 failed: FATAL:  password authentication failed for user "postgres" (Connection: pgsql, SQL: create table "migrations" ("id" serial not null primary key, "migration" varchar(255) not null, "batch" integer not null)) {"exception":"[object] (Illuminate\\Database\\QueryException(code: 7): SQLSTATE[08006] [7] connection to server at \"127.0.0.1\", port 5432 failed: FATAL:  password authentication failed for user \"postgres\"
connection to server at \"127.0.0.1\", port 5432 failed: FATAL:  password authentication failed for user \"postgres\" (Connection: pgsql, SQL: create table \"migrations\" (\"id\" serial not null primary key, \"migration\" varchar(255) not null, \"batch\" integer not null)) at /home/tobecomeawind/Devs/laravel_train/vendor/laravel/framework/src/Illuminate/Database/Connection.php:825)
[stacktrace]
#0 /home/tobecomeawind/Devs/laravel_train/vendor/laravel/framework/src/Illuminate/Database/Connection.php(779): Illuminate\\Database\\Connection->runQueryCallback()
#1 /home/tobecomeawind/Devs/laravel_train/vendor/laravel/framework/src/Illuminate/Database/Connection.php(560): Illuminate\\Database\\Connection->run()
#2 /home/tobecomeawind/Devs/laravel_train/vendor/laravel/framework/src/Illuminate/Database/Schema/Blueprint.php(117): Illuminate\\Database\\Connection->statement()
#3 /home/tobecomeawind/Devs/laravel_train/vendor/laravel/framework/src/Illuminate/Database/Schema/Builder.php(564): Illuminate\\Database\\Schema\\Blueprint->build()
#4 /home/tobecomeawind/Devs/laravel_train/vendor/laravel/framework/src/Illuminate/Database/Schema/Builder.php(418): Illuminate\\Database\\Schema\\Builder->build()
#5 /home/tobecomeawind/Devs/laravel_train/vendor/laravel/framework/src/Illuminate/Database/Migrations/DatabaseMigrationRepository.php(165): Illuminate\\Database\\Schema\\Builder->create()
#6 /home/tobecomeawind/Devs/laravel_train/vendor/laravel/framework/src/Illuminate/Database/Console/Migrations/InstallCommand.php(56): Illuminate\\Database\\Migrations\\DatabaseMigrationRepository->createRepository()
#7 /home/tobecomeawind/Devs/laravel_train/vendor/laravel/framework/src/Illuminate/Container/BoundMethod.php(36): Illuminate\\Database\\Console\\Migrations\\InstallCommand->handle()
#8 /home/tobecomeawind/Devs/laravel_train/vendor/laravel/framework/src/Illuminate/Container/Util.php(43): Illuminate\\Container\\BoundMethod::Illuminate\\Container\\{closure}()
#9 /home/tobecomeawind/Devs/laravel_train/vendor/laravel/framework/src/Illuminate/Container/BoundMethod.php(95): Illuminate\\Container\\Util::unwrapIfClosure()
#10 /home/tobecomeawind/Devs/laravel_train/vendor/laravel/framework/src/Illuminate/Container/BoundMethod.php(35): Illuminate\\Container\\BoundMethod::callBoundMethod()
#11 /home/tobecomeawind/Devs/laravel_train/vendor/laravel/framework/src/Illuminate/Container/Container.php(690): Illuminate\\Container\\BoundMethod::call()
#12 /home/tobecomeawind/Devs/laravel_train/vendor/laravel/framework/src/Illuminate/Console/Command.php(213): Illuminate\\Container\\Container->call()
#13 /home/tobecomeawind/Devs/laravel_train/vendor/symfony/console/Command/Command.php(279): Illuminate\\Console\\Command->execute()
#14 /home/tobecomeawind/Devs/laravel_train/vendor/laravel/framework/src/Illuminate/Console/Command.php(182): Symfony\\Component\\Console\\Command\\Command->run()
#15 /home/tobecomeawind/Devs/laravel_train/vendor/symfony/console/Application.php(1047): Illuminate\\Console\\Command->run()
#16 /home/tobecomeawind/Devs/laravel_train/vendor/symfony/console/Application.php(316): Symfony\\Component\\Console\\Application->doRunCommand()
#17 /home/tobecomeawind/Devs/laravel_train/vendor/symfony/console/Application.php(167): Symfony\\Component\\Console\\Application->doRun()
#18 /home/tobecomeawind/Devs/laravel_train/vendor/laravel/framework/src/Illuminate/Foundation/Console/Kernel.php(197): Symfony\\Component\\Console\\Application->run()
#19 /home/tobecomeawind/Devs/laravel_train/vendor/laravel/framework/src/Illuminate/Foundation/Application.php(1203): Illuminate\\Foundation\\Console\\Kernel->handle()
#20 /home/tobecomeawind/Devs/laravel_train/artisan(13): Illuminate\\Foundation\\Application->handleCommand()
#21 {main}

[previous exception] [object] (PDOException(code: 7): SQLSTATE[08006] [7] connection to server at \"127.0.0.1\", port 5432 failed: FATAL:  password authentication failed for user \"postgres\"
connection to server at \"127.0.0.1\", port 5432 failed: FATAL:  password authentication failed for user \"postgres\" at /home/tobecomeawind/Devs/laravel_train/vendor/laravel/framework/src/Illuminate/Database/Connectors/Connector.php:66)
[stacktrace]
#0 /home/tobecomeawind/Devs/laravel_train/vendor/laravel/framework/src/Illuminate/Database/Connectors/Connector.php(66): PDO->__construct()
#1 /home/tobecomeawind/Devs/laravel_train/vendor/laravel/framework/src/Illuminate/Database/Connectors/Connector.php(44): Illuminate\\Database\\Connectors\\Connector->createPdoConnection()
#2 /home/tobecomeawind/Devs/laravel_train/vendor/laravel/framework/src/Illuminate/Database/Connectors/PostgresConnector.php(35): Illuminate\\Database\\Connectors\\Connector->createConnection()
#3 /home/tobecomeawind/Devs/laravel_train/vendor/laravel/framework/src/Illuminate/Database/Connectors/ConnectionFactory.php(185): Illuminate\\Database\\Connectors\\PostgresConnector->connect()
#4 [internal function]: Illuminate\\Database\\Connectors\\ConnectionFactory->Illuminate\\Database\\Connectors\\{closure}()
#5 /home/tobecomeawind/Devs/laravel_train/vendor/laravel/framework/src/Illuminate/Database/Connection.php(1231): call_user_func()
#6 /home/tobecomeawind/Devs/laravel_train/vendor/laravel/framework/src/Illuminate/Database/Connection.php(565): Illuminate\\Database\\Connection->getPdo()
#7 /home/tobecomeawind/Devs/laravel_train/vendor/laravel/framework/src/Illuminate/Database/Connection.php(812): Illuminate\\Database\\Connection->Illuminate\\Database\\{closure}()
#8 /home/tobecomeawind/Devs/laravel_train/vendor/laravel/framework/src/Illuminate/Database/Connection.php(779): Illuminate\\Database\\Connection->runQueryCallback()
#9 /home/tobecomeawind/Devs/laravel_train/vendor/laravel/framework/src/Illuminate/Database/Connection.php(560): Illuminate\\Database\\Connection->run()
#10 /home/tobecomeawind/Devs/laravel_train/vendor/laravel/framework/src/Illuminate/Database/Schema/Blueprint.php(117): Illuminate\\Database\\Connection->statement()
#11 /home/tobecomeawind/Devs/laravel_train/vendor/laravel/framework/src/Illuminate/Database/Schema/Builder.php(564): Illuminate\\Database\\Schema\\Blueprint->build()
#12 /home/tobecomeawind/Devs/laravel_train/vendor/laravel/framework/src/Illuminate/Database/Schema/Builder.php(418): Illuminate\\Database\\Schema\\Builder->build()
#13 /home/tobecomeawind/Devs/laravel_train/vendor/laravel/framework/src/Illuminate/Database/Migrations/DatabaseMigrationRepository.php(165): Illuminate\\Database\\Schema\\Builder->create()
#14 /home/tobecomeawind/Devs/laravel_train/vendor/laravel/framework/src/Illuminate/Database/Console/Migrations/InstallCommand.php(56): Illuminate\\Database\\Migrations\\DatabaseMigrationRepository->createRepository()
#15 /home/tobecomeawind/Devs/laravel_train/vendor/laravel/framework/src/Illuminate/Container/BoundMethod.php(36): Illuminate\\Database\\Console\\Migrations\\InstallCommand->handle()
#16 /home/tobecomeawind/Devs/laravel_train/vendor/laravel/framework/src/Illuminate/Container/Util.php(43): Illuminate\\Container\\BoundMethod::Illuminate\\Container\\{closure}()
#17 /home/tobecomeawind/Devs/laravel_train/vendor/laravel/framework/src/Illuminate/Container/BoundMethod.php(95): Illuminate\\Container\\Util::unwrapIfClosure()
#18 /home/tobecomeawind/Devs/laravel_train/vendor/laravel/framework/src/Illuminate/Container/BoundMethod.php(35): Illuminate\\Container\\BoundMethod::callBoundMethod()
#19 /home/tobecomeawind/Devs/laravel_train/vendor/laravel/framework/src/Illuminate/Container/Container.php(690): Illuminate\\Container\\BoundMethod::call()
#20 /home/tobecomeawind/Devs/laravel_train/vendor/laravel/framework/src/Illuminate/Console/Command.php(213): Illuminate\\Container\\Container->call()
#21 /home/tobecomeawind/Devs/laravel_train/vendor/symfony/console/Command/Command.php(279): Illuminate\\Console\\Command->execute()
#22 /home/tobecomeawind/Devs/laravel_train/vendor/laravel/framework/src/Illuminate/Console/Command.php(182): Symfony\\Component\\Console\\Command\\Command->run()
#23 /home/tobecomeawind/Devs/laravel_train/vendor/symfony/console/Application.php(1047): Illuminate\\Console\\Command->run()
#24 /home/tobecomeawind/Devs/laravel_train/vendor/symfony/console/Application.php(316): Symfony\\Component\\Console\\Application->doRunCommand()
#25 /home/tobecomeawind/Devs/laravel_train/vendor/symfony/console/Application.php(167): Symfony\\Component\\Console\\Application->doRun()
#26 /home/tobecomeawind/Devs/laravel_train/vendor/laravel/framework/src/Illuminate/Foundation/Console/Kernel.php(197): Symfony\\Component\\Console\\Application->run()
#27 /home/tobecomeawind/Devs/laravel_train/vendor/laravel/framework/src/Illuminate/Foundation/Application.php(1203): Illuminate\\Foundation\\Console\\Kernel->handle()
#28 /home/tobecomeawind/Devs/laravel_train/artisan(13): Illuminate\\Foundation\\Application->handleCommand()
#29 {main}
"} 
[2024-10-30 02:33:09] local.ERROR: SQLSTATE[08006] [7] connection to server at "127.0.0.1", port 5432 failed: FATAL:  password authentication failed for user "postgres"
connection to server at "127.0.0.1", port 5432 failed: FATAL:  password authentication failed for user "postgres" (Connection: pgsql, SQL: create table "migrations" ("id" serial not null primary key, "migration" varchar(255) not null, "batch" integer not null)) {"exception":"[object] (Illuminate\\Database\\QueryException(code: 7): SQLSTATE[08006] [7] connection to server at \"127.0.0.1\", port 5432 failed: FATAL:  password authentication failed for user \"postgres\"
connection to server at \"127.0.0.1\", port 5432 failed: FATAL:  password authentication failed for user \"postgres\" (Connection: pgsql, SQL: create table \"migrations\" (\"id\" serial not null primary key, \"migration\" varchar(255) not null, \"batch\" integer not null)) at /home/tobecomeawind/Devs/laravel_train/vendor/laravel/framework/src/Illuminate/Database/Connection.php:825)
[stacktrace]
#0 /home/tobecomeawind/Devs/laravel_train/vendor/laravel/framework/src/Illuminate/Database/Connection.php(779): Illuminate\\Database\\Connection->runQueryCallback()
#1 /home/tobecomeawind/Devs/laravel_train/vendor/laravel/framework/src/Illuminate/Database/Connection.php(560): Illuminate\\Database\\Connection->run()
#2 /home/tobecomeawind/Devs/laravel_train/vendor/laravel/framework/src/Illuminate/Database/Schema/Blueprint.php(117): Illuminate\\Database\\Connection->statement()
#3 /home/tobecomeawind/Devs/laravel_train/vendor/laravel/framework/src/Illuminate/Database/Schema/Builder.php(564): Illuminate\\Database\\Schema\\Blueprint->build()
#4 /home/tobecomeawind/Devs/laravel_train/vendor/laravel/framework/src/Illuminate/Database/Schema/Builder.php(418): Illuminate\\Database\\Schema\\Builder->build()
#5 /home/tobecomeawind/Devs/laravel_train/vendor/laravel/framework/src/Illuminate/Database/Migrations/DatabaseMigrationRepository.php(165): Illuminate\\Database\\Schema\\Builder->create()
#6 /home/tobecomeawind/Devs/laravel_train/vendor/laravel/framework/src/Illuminate/Database/Console/Migrations/InstallCommand.php(56): Illuminate\\Database\\Migrations\\DatabaseMigrationRepository->createRepository()
#7 /home/tobecomeawind/Devs/laravel_train/vendor/laravel/framework/src/Illuminate/Container/BoundMethod.php(36): Illuminate\\Database\\Console\\Migrations\\InstallCommand->handle()
#8 /home/tobecomeawind/Devs/laravel_train/vendor/laravel/framework/src/Illuminate/Container/Util.php(43): Illuminate\\Container\\BoundMethod::Illuminate\\Container\\{closure}()
#9 /home/tobecomeawind/Devs/laravel_train/vendor/laravel/framework/src/Illuminate/Container/BoundMethod.php(95): Illuminate\\Container\\Util::unwrapIfClosure()
#10 /home/tobecomeawind/Devs/laravel_train/vendor/laravel/framework/src/Illuminate/Container/BoundMethod.php(35): Illuminate\\Container\\BoundMethod::callBoundMethod()
#11 /home/tobecomeawind/Devs/laravel_train/vendor/laravel/framework/src/Illuminate/Container/Container.php(690): Illuminate\\Container\\BoundMethod::call()
#12 /home/tobecomeawind/Devs/laravel_train/vendor/laravel/framework/src/Illuminate/Console/Command.php(213): Illuminate\\Container\\Container->call()
#13 /home/tobecomeawind/Devs/laravel_train/vendor/symfony/console/Command/Command.php(279): Illuminate\\Console\\Command->execute()
#14 /home/tobecomeawind/Devs/laravel_train/vendor/laravel/framework/src/Illuminate/Console/Command.php(182): Symfony\\Component\\Console\\Command\\Command->run()
#15 /home/tobecomeawind/Devs/laravel_train/vendor/symfony/console/Application.php(1047): Illuminate\\Console\\Command->run()
#16 /home/tobecomeawind/Devs/laravel_train/vendor/symfony/console/Application.php(316): Symfony\\Component\\Console\\Application->doRunCommand()
#17 /home/tobecomeawind/Devs/laravel_train/vendor/symfony/console/Application.php(167): Symfony\\Component\\Console\\Application->doRun()
#18 /home/tobecomeawind/Devs/laravel_train/vendor/laravel/framework/src/Illuminate/Foundation/Console/Kernel.php(197): Symfony\\Component\\Console\\Application->run()
#19 /home/tobecomeawind/Devs/laravel_train/vendor/laravel/framework/src/Illuminate/Foundation/Application.php(1203): Illuminate\\Foundation\\Console\\Kernel->handle()
#20 /home/tobecomeawind/Devs/laravel_train/artisan(13): Illuminate\\Foundation\\Application->handleCommand()
#21 {main}

[previous exception] [object] (PDOException(code: 7): SQLSTATE[08006] [7] connection to server at \"127.0.0.1\", port 5432 failed: FATAL:  password authentication failed for user \"postgres\"
connection to server at \"127.0.0.1\", port 5432 failed: FATAL:  password authentication failed for user \"postgres\" at /home/tobecomeawind/Devs/laravel_train/vendor/laravel/framework/src/Illuminate/Database/Connectors/Connector.php:66)
[stacktrace]
#0 /home/tobecomeawind/Devs/laravel_train/vendor/laravel/framework/src/Illuminate/Database/Connectors/Connector.php(66): PDO->__construct()
#1 /home/tobecomeawind/Devs/laravel_train/vendor/laravel/framework/src/Illuminate/Database/Connectors/Connector.php(44): Illuminate\\Database\\Connectors\\Connector->createPdoConnection()
#2 /home/tobecomeawind/Devs/laravel_train/vendor/laravel/framework/src/Illuminate/Database/Connectors/PostgresConnector.php(35): Illuminate\\Database\\Connectors\\Connector->createConnection()
#3 /home/tobecomeawind/Devs/laravel_train/vendor/laravel/framework/src/Illuminate/Database/Connectors/ConnectionFactory.php(185): Illuminate\\Database\\Connectors\\PostgresConnector->connect()
#4 [internal function]: Illuminate\\Database\\Connectors\\ConnectionFactory->Illuminate\\Database\\Connectors\\{closure}()
#5 /home/tobecomeawind/Devs/laravel_train/vendor/laravel/framework/src/Illuminate/Database/Connection.php(1231): call_user_func()
#6 /home/tobecomeawind/Devs/laravel_train/vendor/laravel/framework/src/Illuminate/Database/Connection.php(565): Illuminate\\Database\\Connection->getPdo()
#7 /home/tobecomeawind/Devs/laravel_train/vendor/laravel/framework/src/Illuminate/Database/Connection.php(812): Illuminate\\Database\\Connection->Illuminate\\Database\\{closure}()
#8 /home/tobecomeawind/Devs/laravel_train/vendor/laravel/framework/src/Illuminate/Database/Connection.php(779): Illuminate\\Database\\Connection->runQueryCallback()
#9 /home/tobecomeawind/Devs/laravel_train/vendor/laravel/framework/src/Illuminate/Database/Connection.php(560): Illuminate\\Database\\Connection->run()
#10 /home/tobecomeawind/Devs/laravel_train/vendor/laravel/framework/src/Illuminate/Database/Schema/Blueprint.php(117): Illuminate\\Database\\Connection->statement()
#11 /home/tobecomeawind/Devs/laravel_train/vendor/laravel/framework/src/Illuminate/Database/Schema/Builder.php(564): Illuminate\\Database\\Schema\\Blueprint->build()
#12 /home/tobecomeawind/Devs/laravel_train/vendor/laravel/framework/src/Illuminate/Database/Schema/Builder.php(418): Illuminate\\Database\\Schema\\Builder->build()
#13 /home/tobecomeawind/Devs/laravel_train/vendor/laravel/framework/src/Illuminate/Database/Migrations/DatabaseMigrationRepository.php(165): Illuminate\\Database\\Schema\\Builder->create()
#14 /home/tobecomeawind/Devs/laravel_train/vendor/laravel/framework/src/Illuminate/Database/Console/Migrations/InstallCommand.php(56): Illuminate\\Database\\Migrations\\DatabaseMigrationRepository->createRepository()
#15 /home/tobecomeawind/Devs/laravel_train/vendor/laravel/framework/src/Illuminate/Container/BoundMethod.php(36): Illuminate\\Database\\Console\\Migrations\\InstallCommand->handle()
#16 /home/tobecomeawind/Devs/laravel_train/vendor/laravel/framework/src/Illuminate/Container/Util.php(43): Illuminate\\Container\\BoundMethod::Illuminate\\Container\\{closure}()
#17 /home/tobecomeawind/Devs/laravel_train/vendor/laravel/framework/src/Illuminate/Container/BoundMethod.php(95): Illuminate\\Container\\Util::unwrapIfClosure()
#18 /home/tobecomeawind/Devs/laravel_train/vendor/laravel/framework/src/Illuminate/Container/BoundMethod.php(35): Illuminate\\Container\\BoundMethod::callBoundMethod()
#19 /home/tobecomeawind/Devs/laravel_train/vendor/laravel/framework/src/Illuminate/Container/Container.php(690): Illuminate\\Container\\BoundMethod::call()
#20 /home/tobecomeawind/Devs/laravel_train/vendor/laravel/framework/src/Illuminate/Console/Command.php(213): Illuminate\\Container\\Container->call()
#21 /home/tobecomeawind/Devs/laravel_train/vendor/symfony/console/Command/Command.php(279): Illuminate\\Console\\Command->execute()
#22 /home/tobecomeawind/Devs/laravel_train/vendor/laravel/framework/src/Illuminate/Console/Command.php(182): Symfony\\Component\\Console\\Command\\Command->run()
#23 /home/tobecomeawind/Devs/laravel_train/vendor/symfony/console/Application.php(1047): Illuminate\\Console\\Command->run()
#24 /home/tobecomeawind/Devs/laravel_train/vendor/symfony/console/Application.php(316): Symfony\\Component\\Console\\Application->doRunCommand()
#25 /home/tobecomeawind/Devs/laravel_train/vendor/symfony/console/Application.php(167): Symfony\\Component\\Console\\Application->doRun()
#26 /home/tobecomeawind/Devs/laravel_train/vendor/laravel/framework/src/Illuminate/Foundation/Console/Kernel.php(197): Symfony\\Component\\Console\\Application->run()
#27 /home/tobecomeawind/Devs/laravel_train/vendor/laravel/framework/src/Illuminate/Foundation/Application.php(1203): Illuminate\\Foundation\\Console\\Kernel->handle()
#28 /home/tobecomeawind/Devs/laravel_train/artisan(13): Illuminate\\Foundation\\Application->handleCommand()
#29 {main}
"} 
[2024-10-30 02:36:06] local.ERROR: No arguments expected for "migrate" command, got "fresh". {"exception":"[object] (Symfony\\Component\\Console\\Exception\\RuntimeException(code: 0): No arguments expected for \"migrate\" command, got \"fresh\". at /home/tobecomeawind/Devs/laravel_train/vendor/symfony/console/Input/ArgvInput.php:193)
[stacktrace]
#0 /home/tobecomeawind/Devs/laravel_train/vendor/symfony/console/Input/ArgvInput.php(86): Symfony\\Component\\Console\\Input\\ArgvInput->parseArgument()
#1 /home/tobecomeawind/Devs/laravel_train/vendor/symfony/console/Input/ArgvInput.php(71): Symfony\\Component\\Console\\Input\\ArgvInput->parseToken()
#2 /home/tobecomeawind/Devs/laravel_train/vendor/symfony/console/Input/Input.php(53): Symfony\\Component\\Console\\Input\\ArgvInput->parse()
#3 /home/tobecomeawind/Devs/laravel_train/vendor/symfony/console/Command/Command.php(238): Symfony\\Component\\Console\\Input\\Input->bind()
#4 /home/tobecomeawind/Devs/laravel_train/vendor/laravel/framework/src/Illuminate/Console/Command.php(182): Symfony\\Component\\Console\\Command\\Command->run()
#5 /home/tobecomeawind/Devs/laravel_train/vendor/symfony/console/Application.php(1047): Illuminate\\Console\\Command->run()
#6 /home/tobecomeawind/Devs/laravel_train/vendor/symfony/console/Application.php(316): Symfony\\Component\\Console\\Application->doRunCommand()
#7 /home/tobecomeawind/Devs/laravel_train/vendor/symfony/console/Application.php(167): Symfony\\Component\\Console\\Application->doRun()
#8 /home/tobecomeawind/Devs/laravel_train/vendor/laravel/framework/src/Illuminate/Foundation/Console/Kernel.php(197): Symfony\\Component\\Console\\Application->run()
#9 /home/tobecomeawind/Devs/laravel_train/vendor/laravel/framework/src/Illuminate/Foundation/Application.php(1203): Illuminate\\Foundation\\Console\\Kernel->handle()
#10 /home/tobecomeawind/Devs/laravel_train/artisan(13): Illuminate\\Foundation\\Application->handleCommand()
#11 {main}
"} 
